<?xml version="1.0" encoding="UTF-8"?>
<!-- Generated by org.testng.reporters.JUnitXMLReporter -->
<testsuite ignored="0" hostname="ROG" failures="0" tests="3" name="Default test" time="29.302" errors="0" timestamp="2020-12-01T19:58:01 GMT-05:00">
  <testcase classname="com.crm.qa.testcases.LoginPageTest" name="loginPageTitleTest" time="0.024"/>
  <testcase classname="com.crm.qa.testcases.LoginPageTest" name="crmLogoImageTest" time="0.203"/>
  <testcase classname="com.crm.qa.testcases.LoginPageTest" name="loginTest" time="0.159"/>
</testsuite> <!-- Default test -->
