<?xml version="1.0" encoding="UTF-8"?>
<testng-results ignored="0" total="3" passed="3" failed="0" skipped="0">
  <reporter-output>
  </reporter-output>
  <suite started-at="2020-12-01T19:57:31 GMT-05:00" name="Default suite" finished-at="2020-12-01T19:58:01 GMT-05:00" duration-ms="29302">
    <groups>
    </groups>
    <test started-at="2020-12-01T19:57:31 GMT-05:00" name="Default test" finished-at="2020-12-01T19:58:01 GMT-05:00" duration-ms="29302">
      <class name="com.crm.qa.testcases.LoginPageTest">
        <test-method is-config="true" signature="setUp()[pri:0, instance:com.crm.qa.testcases.LoginPageTest@5524cca1]" started-at="2020-12-01T19:57:31 GMT-05:00" name="setUp" finished-at="2020-12-01T19:57:39 GMT-05:00" duration-ms="7754" status="PASS">
          <reporter-output>
          </reporter-output>
        </test-method> <!-- setUp -->
        <test-method signature="loginPageTitleTest()[pri:1, instance:com.crm.qa.testcases.LoginPageTest@5524cca1]" started-at="2020-12-01T19:57:39 GMT-05:00" name="loginPageTitleTest" finished-at="2020-12-01T19:57:39 GMT-05:00" duration-ms="24" status="PASS">
          <reporter-output>
          </reporter-output>
        </test-method> <!-- loginPageTitleTest -->
        <test-method is-config="true" signature="tearDown()[pri:0, instance:com.crm.qa.testcases.LoginPageTest@5524cca1]" started-at="2020-12-01T19:57:39 GMT-05:00" name="tearDown" finished-at="2020-12-01T19:57:41 GMT-05:00" duration-ms="2128" status="PASS">
          <reporter-output>
          </reporter-output>
        </test-method> <!-- tearDown -->
        <test-method is-config="true" signature="setUp()[pri:0, instance:com.crm.qa.testcases.LoginPageTest@5524cca1]" started-at="2020-12-01T19:57:41 GMT-05:00" name="setUp" finished-at="2020-12-01T19:57:49 GMT-05:00" duration-ms="7169" status="PASS">
          <reporter-output>
          </reporter-output>
        </test-method> <!-- setUp -->
        <test-method signature="crmLogoImageTest()[pri:2, instance:com.crm.qa.testcases.LoginPageTest@5524cca1]" started-at="2020-12-01T19:57:49 GMT-05:00" name="crmLogoImageTest" finished-at="2020-12-01T19:57:49 GMT-05:00" duration-ms="203" status="PASS">
          <reporter-output>
          </reporter-output>
        </test-method> <!-- crmLogoImageTest -->
        <test-method is-config="true" signature="tearDown()[pri:0, instance:com.crm.qa.testcases.LoginPageTest@5524cca1]" started-at="2020-12-01T19:57:49 GMT-05:00" name="tearDown" finished-at="2020-12-01T19:57:51 GMT-05:00" duration-ms="1993" status="PASS">
          <reporter-output>
          </reporter-output>
        </test-method> <!-- tearDown -->
        <test-method is-config="true" signature="setUp()[pri:0, instance:com.crm.qa.testcases.LoginPageTest@5524cca1]" started-at="2020-12-01T19:57:51 GMT-05:00" name="setUp" finished-at="2020-12-01T19:57:58 GMT-05:00" duration-ms="7652" status="PASS">
          <reporter-output>
          </reporter-output>
        </test-method> <!-- setUp -->
        <test-method signature="loginTest()[pri:3, instance:com.crm.qa.testcases.LoginPageTest@5524cca1]" started-at="2020-12-01T19:57:58 GMT-05:00" name="loginTest" finished-at="2020-12-01T19:57:59 GMT-05:00" duration-ms="159" status="PASS">
          <reporter-output>
          </reporter-output>
        </test-method> <!-- loginTest -->
        <test-method is-config="true" signature="tearDown()[pri:0, instance:com.crm.qa.testcases.LoginPageTest@5524cca1]" started-at="2020-12-01T19:57:59 GMT-05:00" name="tearDown" finished-at="2020-12-01T19:58:01 GMT-05:00" duration-ms="2184" status="PASS">
          <reporter-output>
          </reporter-output>
        </test-method> <!-- tearDown -->
      </class> <!-- com.crm.qa.testcases.LoginPageTest -->
    </test> <!-- Default test -->
  </suite> <!-- Default suite -->
</testng-results>
